Start testing: Jan 18 22:08 PST
----------------------------------------------------------
1/2 Testing: TokenizerTest.TokenizeSimpleExpression
1/2 Test: TokenizerTest.TokenizeSimpleExpression
Command: "/Users/ankurahir/CLionProjects/compiler/cmake-build-debug/tests/my_test" "--gtest_filter=TokenizerTest.TokenizeSimpleExpression" "--gtest_also_run_disabled_tests"
Directory: /Users/ankurahir/CLionProjects/compiler/cmake-build-debug/tests
"TokenizerTest.TokenizeSimpleExpression" start time: Jan 18 22:08 PST
Output:
----------------------------------------------------------
Running main() from /Users/ankurahir/CLionProjects/compiler/external/googletest/googletest/src/gtest_main.cc
Note: Google Test filter = TokenizerTest.TokenizeSimpleExpression
[==========] Running 1 test from 1 test suite.
[----------] Global test environment set-up.
[----------] 1 test from TokenizerTest
[ RUN      ] TokenizerTest.TokenizeSimpleExpression
[       OK ] TokenizerTest.TokenizeSimpleExpression (0 ms)
[----------] 1 test from TokenizerTest (0 ms total)

[----------] Global test environment tear-down
[==========] 1 test from 1 test suite ran. (0 ms total)
[  PASSED  ] 1 test.
<end of output>
Test time =   0.00 sec
----------------------------------------------------------
Test Passed.
"TokenizerTest.TokenizeSimpleExpression" end time: Jan 18 22:08 PST
"TokenizerTest.TokenizeSimpleExpression" time elapsed: 00:00:00
----------------------------------------------------------

2/2 Testing: genericTest.gev
2/2 Test: genericTest.gev
Command: "/Users/ankurahir/CLionProjects/compiler/cmake-build-debug/tests/my_test" "--gtest_filter=genericTest.gev" "--gtest_also_run_disabled_tests"
Directory: /Users/ankurahir/CLionProjects/compiler/cmake-build-debug/tests
"genericTest.gev" start time: Jan 18 22:08 PST
Output:
----------------------------------------------------------
Running main() from /Users/ankurahir/CLionProjects/compiler/external/googletest/googletest/src/gtest_main.cc
Note: Google Test filter = genericTest.gev
[==========] Running 1 test from 1 test suite.
[----------] Global test environment set-up.
[----------] 1 test from genericTest
[ RUN      ] genericTest.gev
[       OK ] genericTest.gev (0 ms)
[----------] 1 test from genericTest (0 ms total)

[----------] Global test environment tear-down
[==========] 1 test from 1 test suite ran. (0 ms total)
[  PASSED  ] 1 test.
<end of output>
Test time =   0.00 sec
----------------------------------------------------------
Test Passed.
"genericTest.gev" end time: Jan 18 22:08 PST
"genericTest.gev" time elapsed: 00:00:00
----------------------------------------------------------

End testing: Jan 18 22:08 PST
